Log file created at 2025-08-12T22:43:00.921881
2025-08-12T22:43:00.925678 - Application started.
2025-08-12T22:43:05.718268 - Exit code of the process: 1
2025-08-12T22:43:05.718365 - Invalid user. Please try again.
2025-08-12T22:43:05.718397 - Application started.
2025-08-12T22:43:07.844014 - Exit code of the process: 0
2025-08-12T22:43:07.844174 - Valid user. Exiting the program.
2025-09-01 15:55:56 - Exit code of the process: 1
2025-09-01 15:55:56 - Invalid user. Please try again.
2025-09-01 15:55:58 - Exit code of the process: 1
2025-09-01 15:55:58 - Invalid user. Please try again.
2025-09-01 15:56:02 - Exit code of the process: 1
2025-09-01 15:56:02 - Invalid user. Please try again.
2025-09-01 15:56:10 - Exit code of the process: 1
2025-09-01 15:56:10 - Invalid user. Please try again.
2025-09-01 15:56:29 - Exit code of the process: 1
2025-09-01 15:56:29 - Invalid user. Please try again.
2025-09-01 15:56:35 - Exit code of the process: 1
2025-09-01 15:56:35 - Invalid user. Please try again.
2025-09-01 15:56:44 - Exit code of the process: 0
2025-09-01 15:56:44 - Valid user. Exiting the program.
Log file created at 2025-09-19T23:53:07.952358
2025-09-19T23:53:07.956390 - Application started.
2025-09-19T23:53:12.634124 - Exit code of the process: 1
2025-09-19T23:53:12.634225 - Invalid user. Please try again.
2025-09-19T23:53:12.634264 - Application started.
2025-09-19T23:53:32.623381 - Exit code of the process: 0
2025-09-19T23:53:32.623637 - Valid user. Exiting the program.
Log file created at 2025-09-19T23:56:03.023283
2025-09-19T23:56:03.026603 - Application started.
2025-09-19T23:56:07.496616 - Exit code of the process: 1
2025-09-19T23:56:07.496739 - Invalid user. Please try again.
2025-09-19T23:56:07.496773 - Application started.
2025-09-19T23:56:10.928831 - Exit code of the process: 0
2025-09-19T23:56:10.928990 - Valid user. Exiting the program.
